{
  "stats": {
    "suites": 1,
    "tests": 1,
    "passes": 1,
    "pending": 0,
    "failures": 0,
    "start": "2021-10-04T18:26:13.934Z",
    "end": "2021-10-04T18:26:16.134Z",
    "duration": 2200,
    "testsRegistered": 1,
    "passPercent": 100,
    "pendingPercent": 0,
    "other": 0,
    "hasOther": false,
    "skipped": 0,
    "hasSkipped": false
  },
  "results": [
    {
      "uuid": "dda4a752-3074-4fcf-8b82-d6c2b66d0845",
      "title": "",
      "fullFile": "cypress/integration/api_tests/demo3.spec.js",
      "file": "cypress/integration/api_tests/demo3.spec.js",
      "beforeHooks": [],
      "afterHooks": [],
      "tests": [],
      "suites": [
        {
          "uuid": "eac7f621-1a65-4165-b24b-ab645d17e225",
          "title": "Netflix test",
          "fullFile": "",
          "file": "",
          "beforeHooks": [],
          "afterHooks": [],
          "tests": [
            {
              "title": "Netflix test",
              "fullTitle": "Netflix test Netflix test",
              "timedOut": null,
              "duration": 2185,
              "state": "passed",
              "speed": "slow",
              "pass": true,
              "fail": false,
              "pending": false,
              "context": null,
              "code": "let date = new Date().toISOString();\ncy.time('test');\ncy.request(\"https://netflix.com\").as(\"netflix\");\ncy.get('@netflix').its('status').should('equal', 200);\ncy.timeEnd('test').then(test => {\n  const filename = './cypress/results/testresults.json';\n  cy.readFile(filename).then(obj => {\n    obj.results.push({\n      name: \"netflix Test\",\n      time: test.duration,\n      timestamp: date\n    });\n    cy.writeFile(filename, obj);\n  });\n});",
              "err": {},
              "uuid": "a7a83ac0-548c-4780-a7bf-adbf4062a8ea",
              "parentUUID": "eac7f621-1a65-4165-b24b-ab645d17e225",
              "isHook": false,
              "skipped": false
            }
          ],
          "suites": [],
          "passes": [
            "a7a83ac0-548c-4780-a7bf-adbf4062a8ea"
          ],
          "failures": [],
          "pending": [],
          "skipped": [],
          "duration": 2185,
          "root": false,
          "rootEmpty": false,
          "_timeout": 2000
        }
      ],
      "passes": [],
      "failures": [],
      "pending": [],
      "skipped": [],
      "duration": 0,
      "root": true,
      "rootEmpty": true,
      "_timeout": 2000
    }
  ],
  "meta": {
    "mocha": {
      "version": "7.0.1"
    },
    "mochawesome": {
      "options": {
        "quiet": false,
        "reportFilename": "mochawesome",
        "saveHtml": false,
        "saveJson": true,
        "consoleReporter": "spec",
        "useInlineDiffs": false,
        "code": true
      },
      "version": "6.2.2"
    },
    "marge": {
      "options": {
        "reportDir": "cypress/results",
        "overwrite": true,
        "html": false,
        "json": true
      },
      "version": "5.2.0"
    }
  }
}